mandelbrot.c: In function ‘main’:
mandelbrot.c:31:9: error: ‘width’ undeclared (first use in this function)
   31 |         width = atoi(argv[1]);
      |         ^~~~~
mandelbrot.c:31:9: note: each undeclared identifier is reported only once for each function it appears in
mandelbrot.c:32:9: error: ‘height’ undeclared (first use in this function)
   32 |         height = atoi(argv[2]);
      |         ^~~~~~
mandelbrot.c:33:9: error: ‘x_left’ undeclared (first use in this function)
   33 |         x_left = atof(argv[3]);
      |         ^~~~~~
mandelbrot.c:34:9: error: ‘y_lower’ undeclared (first use in this function)
   34 |         y_lower = atof(argv[4]);
      |         ^~~~~~~
mandelbrot.c:35:9: error: ‘x_right’ undeclared (first use in this function)
   35 |         x_right = atof(argv[5]);
      |         ^~~~~~~
mandelbrot.c:36:9: error: ‘y_upper’ undeclared (first use in this function)
   36 |         y_upper = atof(argv[6]);
      |         ^~~~~~~
mandelbrot.c:37:9: error: ‘max_iterations’ undeclared (first use in this function)
   37 |         max_iterations = atoi(argv[7]);
      |         ^~~~~~~~~~~~~~
mandelbrot.c:38:9: error: ‘num_threads’ undeclared (first use in this function)
   38 |         num_threads = atoi(argv[8]);
      |         ^~~~~~~~~~~
Eseguito con cores=1, threads=1, width=10000, height=10000, time=56.279287
Eseguito con cores=2, threads=1, width=10000, height=10000, time=28.092758
Eseguito con cores=3, threads=1, width=10000, height=10000, time=33.779809
Eseguito con cores=4, threads=1, width=10000, height=10000, time=22.627066
Eseguito con cores=5, threads=1, width=10000, height=10000, time=22.375882
Eseguito con cores=6, threads=1, width=10000, height=10000, time=17.030467
Eseguito con cores=7, threads=1, width=10000, height=10000, time=16.228314
Eseguito con cores=8, threads=1, width=10000, height=10000, time=13.591113
Eseguito con cores=9, threads=1, width=10000, height=10000, time=12.736164
Eseguito con cores=10, threads=1, width=10000, height=10000, time=11.129845
Eseguito con cores=11, threads=1, width=10000, height=10000, time=10.470066
Eseguito con cores=12, threads=1, width=10000, height=10000, time=9.406610
Eseguito con cores=13, threads=1, width=10000, height=10000, time=8.906141
Eseguito con cores=14, threads=1, width=10000, height=10000, time=8.104187
Eseguito con cores=15, threads=1, width=10000, height=10000, time=7.775621
Eseguito con cores=16, threads=1, width=10000, height=10000, time=7.123198
Eseguito con cores=17, threads=1, width=10000, height=10000, time=6.889610
Eseguito con cores=18, threads=1, width=10000, height=10000, time=6.384670
Eseguito con cores=19, threads=1, width=10000, height=10000, time=6.180315
Eseguito con cores=20, threads=1, width=10000, height=10000, time=5.748452
Eseguito con cores=21, threads=1, width=10000, height=10000, time=5.591662
Eseguito con cores=22, threads=1, width=10000, height=10000, time=5.267123
Eseguito con cores=23, threads=1, width=10000, height=10000, time=5.119934
Eseguito con cores=24, threads=1, width=10000, height=10000, time=4.840739
Eseguito con cores=25, threads=1, width=10000, height=10000, time=4.717104
Eseguito con cores=26, threads=1, width=10000, height=10000, time=4.497133
Eseguito con cores=27, threads=1, width=10000, height=10000, time=4.410021
Eseguito con cores=28, threads=1, width=10000, height=10000, time=4.182788
Eseguito con cores=29, threads=1, width=10000, height=10000, time=4.099330
Eseguito con cores=30, threads=1, width=10000, height=10000, time=3.917933
Eseguito con cores=31, threads=1, width=10000, height=10000, time=3.839716
Eseguito con cores=32, threads=1, width=10000, height=10000, time=3.696231
Eseguito con cores=33, threads=1, width=10000, height=10000, time=3.602339
Eseguito con cores=34, threads=1, width=10000, height=10000, time=3.477333
Eseguito con cores=35, threads=1, width=10000, height=10000, time=3.403949
Eseguito con cores=36, threads=1, width=10000, height=10000, time=3.289269
Eseguito con cores=37, threads=1, width=10000, height=10000, time=3.228347
Eseguito con cores=38, threads=1, width=10000, height=10000, time=3.128108
Eseguito con cores=39, threads=1, width=10000, height=10000, time=3.060055
Eseguito con cores=40, threads=1, width=10000, height=10000, time=2.974282
Eseguito con cores=41, threads=1, width=10000, height=10000, time=2.923064
Eseguito con cores=42, threads=1, width=10000, height=10000, time=2.838515
Eseguito con cores=43, threads=1, width=10000, height=10000, time=2.794229
Eseguito con cores=44, threads=1, width=10000, height=10000, time=2.714853
Eseguito con cores=45, threads=1, width=10000, height=10000, time=2.674025
Eseguito con cores=46, threads=1, width=10000, height=10000, time=2.599649
Eseguito con cores=47, threads=1, width=10000, height=10000, time=2.569002
Eseguito con cores=48, threads=1, width=10000, height=10000, time=2.493826
Eseguito con cores=49, threads=1, width=10000, height=10000, time=2.453944
Eseguito con cores=50, threads=1, width=10000, height=10000, time=2.401198
Eseguito con cores=51, threads=1, width=10000, height=10000, time=2.369664
Eseguito con cores=52, threads=1, width=10000, height=10000, time=2.306001
Eseguito con cores=53, threads=1, width=10000, height=10000, time=2.281318
Eseguito con cores=54, threads=1, width=10000, height=10000, time=2.230222
Eseguito con cores=55, threads=1, width=10000, height=10000, time=2.201652
Eseguito con cores=56, threads=1, width=10000, height=10000, time=2.156461
Eseguito con cores=57, threads=1, width=10000, height=10000, time=2.129788
Eseguito con cores=58, threads=1, width=10000, height=10000, time=2.073628
Eseguito con cores=59, threads=1, width=10000, height=10000, time=2.058504
Eseguito con cores=60, threads=1, width=10000, height=10000, time=2.016295
Eseguito con cores=61, threads=1, width=10000, height=10000, time=1.996025
Eseguito con cores=62, threads=1, width=10000, height=10000, time=1.947510
Eseguito con cores=63, threads=1, width=10000, height=10000, time=1.938308
Eseguito con cores=64, threads=1, width=10000, height=10000, time=1.889114
Eseguito con cores=65, threads=1, width=10000, height=10000, time=1.877184
Eseguito con cores=66, threads=1, width=10000, height=10000, time=1.845225
Eseguito con cores=67, threads=1, width=10000, height=10000, time=1.818994
Eseguito con cores=68, threads=1, width=10000, height=10000, time=1.782543
Eseguito con cores=69, threads=1, width=10000, height=10000, time=1.778192
Eseguito con cores=70, threads=1, width=10000, height=10000, time=1.742617
Eseguito con cores=71, threads=1, width=10000, height=10000, time=1.727656
Eseguito con cores=72, threads=1, width=10000, height=10000, time=1.689580
Eseguito con cores=73, threads=1, width=10000, height=10000, time=1.682829
Eseguito con cores=74, threads=1, width=10000, height=10000, time=1.646394
Eseguito con cores=75, threads=1, width=10000, height=10000, time=1.635151
Eseguito con cores=76, threads=1, width=10000, height=10000, time=1.613912
Eseguito con cores=77, threads=1, width=10000, height=10000, time=1.605701
Eseguito con cores=78, threads=1, width=10000, height=10000, time=1.568737
Eseguito con cores=79, threads=1, width=10000, height=10000, time=1.565864
Eseguito con cores=80, threads=1, width=10000, height=10000, time=1.531180
Eseguito con cores=81, threads=1, width=10000, height=10000, time=1.516561
Eseguito con cores=82, threads=1, width=10000, height=10000, time=1.492225
Eseguito con cores=83, threads=1, width=10000, height=10000, time=1.483815
Eseguito con cores=84, threads=1, width=10000, height=10000, time=1.459553
Eseguito con cores=85, threads=1, width=10000, height=10000, time=1.461715
Eseguito con cores=86, threads=1, width=10000, height=10000, time=1.428772
Eseguito con cores=87, threads=1, width=10000, height=10000, time=1.429500
Eseguito con cores=88, threads=1, width=10000, height=10000, time=1.406267
Eseguito con cores=89, threads=1, width=10000, height=10000, time=1.391760
Eseguito con cores=90, threads=1, width=10000, height=10000, time=1.372155
Eseguito con cores=91, threads=1, width=10000, height=10000, time=1.369475
Eseguito con cores=92, threads=1, width=10000, height=10000, time=1.351587
Eseguito con cores=93, threads=1, width=10000, height=10000, time=1.343482
Eseguito con cores=94, threads=1, width=10000, height=10000, time=1.320945
Eseguito con cores=95, threads=1, width=10000, height=10000, time=1.315836
Eseguito con cores=96, threads=1, width=10000, height=10000, time=1.299028
Eseguito con cores=97, threads=1, width=10000, height=10000, time=1.291353
Eseguito con cores=98, threads=1, width=10000, height=10000, time=1.270407
Eseguito con cores=99, threads=1, width=10000, height=10000, time=1.271632
Eseguito con cores=100, threads=1, width=10000, height=10000, time=1.252487
Eseguito con cores=101, threads=1, width=10000, height=10000, time=1.251540
Eseguito con cores=102, threads=1, width=10000, height=10000, time=1.228916
Eseguito con cores=103, threads=1, width=10000, height=10000, time=1.224641
Eseguito con cores=104, threads=1, width=10000, height=10000, time=1.207357
Eseguito con cores=105, threads=1, width=10000, height=10000, time=1.208834
Eseguito con cores=106, threads=1, width=10000, height=10000, time=1.193719
Eseguito con cores=107, threads=1, width=10000, height=10000, time=1.183625
Eseguito con cores=108, threads=1, width=10000, height=10000, time=1.185150
Eseguito con cores=109, threads=1, width=10000, height=10000, time=1.176769
Eseguito con cores=110, threads=1, width=10000, height=10000, time=1.163429
Eseguito con cores=111, threads=1, width=10000, height=10000, time=1.159525
Eseguito con cores=112, threads=1, width=10000, height=10000, time=1.148945
Eseguito con cores=113, threads=1, width=10000, height=10000, time=1.130600
Eseguito con cores=114, threads=1, width=10000, height=10000, time=1.132261
Eseguito con cores=115, threads=1, width=10000, height=10000, time=1.125696
Eseguito con cores=116, threads=1, width=10000, height=10000, time=1.112107
Eseguito con cores=117, threads=1, width=10000, height=10000, time=1.102248
Eseguito con cores=118, threads=1, width=10000, height=10000, time=1.103807
Eseguito con cores=119, threads=1, width=10000, height=10000, time=1.092076
Eseguito con cores=120, threads=1, width=10000, height=10000, time=1.077713
Eseguito con cores=121, threads=1, width=10000, height=10000, time=1.090758
Eseguito con cores=122, threads=1, width=10000, height=10000, time=1.073800
Eseguito con cores=123, threads=1, width=10000, height=10000, time=1.064620
Eseguito con cores=124, threads=1, width=10000, height=10000, time=1.066172
Eseguito con cores=125, threads=1, width=10000, height=10000, time=1.058371
Eseguito con cores=126, threads=1, width=10000, height=10000, time=1.047172
Eseguito con cores=127, threads=1, width=10000, height=10000, time=1.049942
Eseguito con cores=128, threads=1, width=10000, height=10000, time=1.041011
Eseguito con cores=129, threads=1, width=10000, height=10000, time=1.052530
Eseguito con cores=130, threads=1, width=10000, height=10000, time=1.036748
Eseguito con cores=131, threads=1, width=10000, height=10000, time=1.029051
Eseguito con cores=132, threads=1, width=10000, height=10000, time=1.040096
Eseguito con cores=133, threads=1, width=10000, height=10000, time=0.996741
Eseguito con cores=134, threads=1, width=10000, height=10000, time=0.999071
Eseguito con cores=135, threads=1, width=10000, height=10000, time=0.980124
Eseguito con cores=136, threads=1, width=10000, height=10000, time=0.989935
Eseguito con cores=137, threads=1, width=10000, height=10000, time=1.002884
Eseguito con cores=138, threads=1, width=10000, height=10000, time=0.965790
Eseguito con cores=139, threads=1, width=10000, height=10000, time=0.968728
Eseguito con cores=140, threads=1, width=10000, height=10000, time=0.955426
Eseguito con cores=141, threads=1, width=10000, height=10000, time=0.956531
Eseguito con cores=142, threads=1, width=10000, height=10000, time=0.939721
Eseguito con cores=143, threads=1, width=10000, height=10000, time=0.942921
Eseguito con cores=144, threads=1, width=10000, height=10000, time=0.928443
Eseguito con cores=145, threads=1, width=10000, height=10000, time=0.917902
Eseguito con cores=146, threads=1, width=10000, height=10000, time=0.909344
Eseguito con cores=147, threads=1, width=10000, height=10000, time=0.939912
Eseguito con cores=148, threads=1, width=10000, height=10000, time=0.910416
Eseguito con cores=149, threads=1, width=10000, height=10000, time=0.893612
Eseguito con cores=150, threads=1, width=10000, height=10000, time=0.892826
Eseguito con cores=151, threads=1, width=10000, height=10000, time=0.885898
Eseguito con cores=152, threads=1, width=10000, height=10000, time=0.895218
Eseguito con cores=153, threads=1, width=10000, height=10000, time=0.892877
Eseguito con cores=154, threads=1, width=10000, height=10000, time=0.892821
Eseguito con cores=155, threads=1, width=10000, height=10000, time=0.878919
Eseguito con cores=156, threads=1, width=10000, height=10000, time=0.864378
Eseguito con cores=157, threads=1, width=10000, height=10000, time=0.860215
Eseguito con cores=158, threads=1, width=10000, height=10000, time=0.849484
Eseguito con cores=159, threads=1, width=10000, height=10000, time=0.854346
Eseguito con cores=160, threads=1, width=10000, height=10000, time=0.853146
Eseguito con cores=161, threads=1, width=10000, height=10000, time=0.849193
Eseguito con cores=162, threads=1, width=10000, height=10000, time=0.846203
Eseguito con cores=163, threads=1, width=10000, height=10000, time=0.829665
Eseguito con cores=164, threads=1, width=10000, height=10000, time=0.820898
Eseguito con cores=165, threads=1, width=10000, height=10000, time=0.833756
Eseguito con cores=166, threads=1, width=10000, height=10000, time=0.804571
Eseguito con cores=167, threads=1, width=10000, height=10000, time=0.878639
Eseguito con cores=168, threads=1, width=10000, height=10000, time=0.810124
Eseguito con cores=169, threads=1, width=10000, height=10000, time=0.800674
Eseguito con cores=170, threads=1, width=10000, height=10000, time=0.801342
Eseguito con cores=171, threads=1, width=10000, height=10000, time=0.785881
Eseguito con cores=172, threads=1, width=10000, height=10000, time=0.788135
Eseguito con cores=173, threads=1, width=10000, height=10000, time=0.803833
Eseguito con cores=174, threads=1, width=10000, height=10000, time=0.775422
Eseguito con cores=175, threads=1, width=10000, height=10000, time=0.775873
Eseguito con cores=176, threads=1, width=10000, height=10000, time=0.780182
Eseguito con cores=177, threads=1, width=10000, height=10000, time=0.776120
Eseguito con cores=178, threads=1, width=10000, height=10000, time=0.757723
Eseguito con cores=179, threads=1, width=10000, height=10000, time=0.772515
Eseguito con cores=180, threads=1, width=10000, height=10000, time=0.758565
Eseguito con cores=181, threads=1, width=10000, height=10000, time=0.757727
Eseguito con cores=182, threads=1, width=10000, height=10000, time=0.739844
Eseguito con cores=183, threads=1, width=10000, height=10000, time=0.740281
Eseguito con cores=184, threads=1, width=10000, height=10000, time=0.730367
Eseguito con cores=185, threads=1, width=10000, height=10000, time=0.738796
Eseguito con cores=186, threads=1, width=10000, height=10000, time=0.740918
Eseguito con cores=187, threads=1, width=10000, height=10000, time=0.728043
Eseguito con cores=188, threads=1, width=10000, height=10000, time=0.728995
Eseguito con cores=189, threads=1, width=10000, height=10000, time=0.728628
Eseguito con cores=190, threads=1, width=10000, height=10000, time=0.729038
Eseguito con cores=191, threads=1, width=10000, height=10000, time=0.711887
Eseguito con cores=192, threads=1, width=10000, height=10000, time=0.718343
Eseguito con cores=193, threads=1, width=10000, height=10000, time=0.721134
Eseguito con cores=194, threads=1, width=10000, height=10000, time=0.719566
Eseguito con cores=195, threads=1, width=10000, height=10000, time=0.707366
Eseguito con cores=196, threads=1, width=10000, height=10000, time=0.707361
Eseguito con cores=197, threads=1, width=10000, height=10000, time=0.707491
Eseguito con cores=198, threads=1, width=10000, height=10000, time=0.711006
Eseguito con cores=199, threads=1, width=10000, height=10000, time=0.680293
Eseguito con cores=200, threads=1, width=10000, height=10000, time=0.686654
Eseguito con cores=201, threads=1, width=10000, height=10000, time=0.687821
Eseguito con cores=202, threads=1, width=10000, height=10000, time=0.693179
Eseguito con cores=203, threads=1, width=10000, height=10000, time=0.678689
Eseguito con cores=204, threads=1, width=10000, height=10000, time=0.679197
Eseguito con cores=205, threads=1, width=10000, height=10000, time=0.677950
Eseguito con cores=206, threads=1, width=10000, height=10000, time=0.678623
Eseguito con cores=207, threads=1, width=10000, height=10000, time=0.669934
Eseguito con cores=208, threads=1, width=10000, height=10000, time=0.667514
Eseguito con cores=209, threads=1, width=10000, height=10000, time=0.676804
Eseguito con cores=210, threads=1, width=10000, height=10000, time=0.673692
Eseguito con cores=211, threads=1, width=10000, height=10000, time=0.665109
Eseguito con cores=212, threads=1, width=10000, height=10000, time=0.650461
Eseguito con cores=213, threads=1, width=10000, height=10000, time=0.653148
Eseguito con cores=214, threads=1, width=10000, height=10000, time=0.662973
Eseguito con cores=215, threads=1, width=10000, height=10000, time=0.649126
Eseguito con cores=216, threads=1, width=10000, height=10000, time=0.642591
Eseguito con cores=217, threads=1, width=10000, height=10000, time=0.733118
Eseguito con cores=218, threads=1, width=10000, height=10000, time=0.844205
Eseguito con cores=219, threads=1, width=10000, height=10000, time=0.751203
Eseguito con cores=220, threads=1, width=10000, height=10000, time=0.677558
Eseguito con cores=221, threads=1, width=10000, height=10000, time=0.677522
Eseguito con cores=222, threads=1, width=10000, height=10000, time=0.765103
Eseguito con cores=223, threads=1, width=10000, height=10000, time=0.660088
Eseguito con cores=224, threads=1, width=10000, height=10000, time=0.629944
Eseguito con cores=225, threads=1, width=10000, height=10000, time=0.625180
Eseguito con cores=226, threads=1, width=10000, height=10000, time=0.616024
Eseguito con cores=227, threads=1, width=10000, height=10000, time=0.628252
Eseguito con cores=228, threads=1, width=10000, height=10000, time=0.628764
Eseguito con cores=229, threads=1, width=10000, height=10000, time=0.618219
Eseguito con cores=230, threads=1, width=10000, height=10000, time=0.603705
Eseguito con cores=231, threads=1, width=10000, height=10000, time=0.603930
Eseguito con cores=232, threads=1, width=10000, height=10000, time=0.603235
Eseguito con cores=233, threads=1, width=10000, height=10000, time=0.612733
Eseguito con cores=234, threads=1, width=10000, height=10000, time=0.610991
Eseguito con cores=235, threads=1, width=10000, height=10000, time=0.611355
Eseguito con cores=236, threads=1, width=10000, height=10000, time=0.593457
Eseguito con cores=237, threads=1, width=10000, height=10000, time=0.610051
Eseguito con cores=238, threads=1, width=10000, height=10000, time=0.596960
Eseguito con cores=239, threads=1, width=10000, height=10000, time=0.598297
Eseguito con cores=240, threads=1, width=10000, height=10000, time=0.595494
Eseguito con cores=241, threads=1, width=10000, height=10000, time=0.591929
Eseguito con cores=242, threads=1, width=10000, height=10000, time=0.577107
Eseguito con cores=243, threads=1, width=10000, height=10000, time=0.581119
Eseguito con cores=244, threads=1, width=10000, height=10000, time=0.579351
Eseguito con cores=245, threads=1, width=10000, height=10000, time=0.590410
Eseguito con cores=246, threads=1, width=10000, height=10000, time=0.579781
Eseguito con cores=247, threads=1, width=10000, height=10000, time=0.576707
Eseguito con cores=248, threads=1, width=10000, height=10000, time=0.576310
Eseguito con cores=249, threads=1, width=10000, height=10000, time=0.574079
Eseguito con cores=250, threads=1, width=10000, height=10000, time=0.568944
Eseguito con cores=251, threads=1, width=10000, height=10000, time=0.576707
Eseguito con cores=252, threads=1, width=10000, height=10000, time=0.573489
Eseguito con cores=253, threads=1, width=10000, height=10000, time=0.572743
Eseguito con cores=254, threads=1, width=10000, height=10000, time=0.570187
Eseguito con cores=255, threads=1, width=10000, height=10000, time=0.563963
Eseguito con cores=256, threads=1, width=10000, height=10000, time=0.575267
